Started GET "/" for 127.0.0.1 at 2017-02-09 13:48:01 +0700
Processing by Rails::WelcomeController#index as HTML
  Parameters: {"internal"=>true}
  Rendering /home/hieunguyen8794/.rvm/gems/ruby-2.2.3/gems/railties-5.0.1/lib/rails/templates/rails/welcome/index.html.erb
  Rendered /home/hieunguyen8794/.rvm/gems/ruby-2.2.3/gems/railties-5.0.1/lib/rails/templates/rails/welcome/index.html.erb (4.7ms)
Completed 200 OK in 81ms (Views: 11.7ms | ActiveRecord: 0.0ms)


Started GET "/" for 127.0.0.1 at 2017-02-09 14:03:32 +0700
Processing by ApplicationController#hello as HTML
  Rendering html template
  Rendered html template (0.1ms)
Completed 200 OK in 16ms (Views: 15.2ms | ActiveRecord: 0.0ms)


  [1m[35m (10.9ms)[0m  [1m[35mCREATE TABLE "schema_migrations" ("version" varchar NOT NULL PRIMARY KEY)[0m
  [1m[35m (10.4ms)[0m  [1m[35mCREATE TABLE "ar_internal_metadata" ("key" varchar NOT NULL PRIMARY KEY, "value" varchar, "created_at" datetime NOT NULL, "updated_at" datetime NOT NULL)[0m
  [1m[36mActiveRecord::SchemaMigration Load (0.2ms)[0m  [1m[34mSELECT "schema_migrations".* FROM "schema_migrations"[0m
Migrating to CreateBooks (20170222044557)
  [1m[35m (0.1ms)[0m  [1m[36mbegin transaction[0m
  [1m[35m (0.5ms)[0m  [1m[35mCREATE TABLE "books" ("id" INTEGER PRIMARY KEY AUTOINCREMENT NOT NULL, "name" varchar, "created_at" datetime NOT NULL, "updated_at" datetime NOT NULL)[0m
  [1m[35mSQL (0.3ms)[0m  [1m[32mINSERT INTO "schema_migrations" ("version") VALUES (?)[0m  [["version", "20170222044557"]]
  [1m[35m (10.0ms)[0m  [1m[36mcommit transaction[0m
  [1m[36mActiveRecord::InternalMetadata Load (0.2ms)[0m  [1m[34mSELECT  "ar_internal_metadata".* FROM "ar_internal_metadata" WHERE "ar_internal_metadata"."key" = ? LIMIT ?[0m  [["key", :environment], ["LIMIT", 1]]
  [1m[35m (0.1ms)[0m  [1m[36mbegin transaction[0m
  [1m[35mSQL (0.4ms)[0m  [1m[32mINSERT INTO "ar_internal_metadata" ("key", "value", "created_at", "updated_at") VALUES (?, ?, ?, ?)[0m  [["key", "environment"], ["value", "development"], ["created_at", 2017-02-22 04:46:21 UTC], ["updated_at", 2017-02-22 04:46:21 UTC]]
  [1m[35m (10.1ms)[0m  [1m[36mcommit transaction[0m
  [1m[36mActiveRecord::SchemaMigration Load (0.1ms)[0m  [1m[34mSELECT "schema_migrations".* FROM "schema_migrations"[0m
  [1m[36mActiveRecord::SchemaMigration Load (0.2ms)[0m  [1m[34mSELECT "schema_migrations".* FROM "schema_migrations"[0m
  [1m[35m (0.1ms)[0m  [1m[36mbegin transaction[0m
  [1m[35mSQL (1.0ms)[0m  [1m[32mINSERT INTO "books" ("name", "created_at", "updated_at") VALUES (?, ?, ?)[0m  [["name", "Copying and Pasting from Stack Overflow"], ["created_at", 2017-02-22 04:47:40 UTC], ["updated_at", 2017-02-22 04:47:40 UTC]]
  [1m[35m (22.6ms)[0m  [1m[36mcommit transaction[0m
  [1m[35m (0.1ms)[0m  [1m[36mbegin transaction[0m
  [1m[35mSQL (0.3ms)[0m  [1m[32mINSERT INTO "books" ("name", "created_at", "updated_at") VALUES (?, ?, ?)[0m  [["name", "Trying Stuff Until it Works"], ["created_at", 2017-02-22 04:47:40 UTC], ["updated_at", 2017-02-22 04:47:40 UTC]]
  [1m[35m (19.4ms)[0m  [1m[36mcommit transaction[0m
Started GET "/" for 127.0.0.1 at 2017-02-22 12:12:39 +0700
  [1m[36mActiveRecord::SchemaMigration Load (0.3ms)[0m  [1m[34mSELECT "schema_migrations".* FROM "schema_migrations"[0m
Processing by ApplicationController#hello as HTML
Started GET "/" for 127.0.0.1 at 2017-02-22 12:12:39 +0700
Processing by ApplicationController#hello as HTML
  Rendering html template
  Rendered html template (0.2ms)
  Rendering html template
Completed 200 OK in 34ms (Views: 16.3ms | ActiveRecord: 0.0ms)


  Rendered html template (0.0ms)
Completed 200 OK in 25ms (Views: 17.2ms | ActiveRecord: 0.0ms)


Started GET "/books.json" for 127.0.0.1 at 2017-02-22 12:12:56 +0700
Processing by BooksController#index as JSON
  Rendering books/index.json.jbuilder
  [1m[36mBook Load (0.3ms)[0m  [1m[34mSELECT "books".* FROM "books"[0m
  Rendered books/_book.json.jbuilder (1.2ms)
  Rendered books/_book.json.jbuilder (0.3ms)
  Rendered books/index.json.jbuilder (25.3ms)
Completed 200 OK in 74ms (Views: 42.9ms | ActiveRecord: 1.0ms)


Started GET "/" for 127.0.0.1 at 2017-02-22 12:17:53 +0700
Processing by ApplicationController#hello as HTML
  Rendering html template
  Rendered html template (0.0ms)
Completed 200 OK in 1ms (Views: 0.5ms | ActiveRecord: 0.0ms)


Started GET "/" for 127.0.0.1 at 2017-02-22 12:19:03 +0700
  [1m[36mActiveRecord::SchemaMigration Load (0.3ms)[0m  [1m[34mSELECT "schema_migrations".* FROM "schema_migrations"[0m
Processing by ApplicationController#hello as HTML
  Rendering html template
  Rendered html template (0.0ms)
Completed 200 OK in 18ms (Views: 7.8ms | ActiveRecord: 0.0ms)


Started GET "/books.json" for 127.0.0.1 at 2017-02-22 12:20:50 +0700
Processing by BooksController#index as JSON
  Rendering books/index.json.jbuilder
  [1m[36mBook Load (0.3ms)[0m  [1m[34mSELECT "books".* FROM "books"[0m
  Rendered books/_book.json.jbuilder (1.3ms)
  Rendered books/_book.json.jbuilder (0.7ms)
  Rendered books/index.json.jbuilder (12.6ms)
Completed 200 OK in 19ms (Views: 14.2ms | ActiveRecord: 1.1ms)


Started GET "/" for 127.0.0.1 at 2017-02-22 12:21:16 +0700
Processing by ApplicationController#hello as HTML
  Rendering html template
  Rendered html template (0.0ms)
Completed 200 OK in 1ms (Views: 0.5ms | ActiveRecord: 0.0ms)


Started GET "/" for 127.0.0.1 at 2017-02-22 12:24:36 +0700
  [1m[36mActiveRecord::SchemaMigration Load (0.2ms)[0m  [1m[34mSELECT "schema_migrations".* FROM "schema_migrations"[0m
Processing by ApplicationController#hello as HTML
  Rendering html template
  Rendered html template (0.0ms)
Completed 200 OK in 18ms (Views: 7.3ms | ActiveRecord: 0.0ms)


Started GET "/books.json" for 127.0.0.1 at 2017-02-22 12:30:56 +0700
Processing by BooksController#index as JSON
  Rendering books/index.json.jbuilder
  [1m[36mBook Load (0.3ms)[0m  [1m[34mSELECT "books".* FROM "books"[0m
  Rendered books/_book.json.jbuilder (1.7ms)
  Rendered books/_book.json.jbuilder (0.5ms)
  Rendered books/index.json.jbuilder (26.0ms)
Completed 200 OK in 32ms (Views: 27.8ms | ActiveRecord: 0.9ms)


